<?xml version="1.0" encoding="UTF-8"?>
<!-- Generated by org.testng.reporters.JUnitReportReporter -->
<testsuite hostname="DESKTOP-FFU7TCQ" failures="0" tests="2" name="com.crm.qa.testcases.HomeTest" time="19.048" errors="0" timestamp="2025-03-20T23:17:44 IST" skipped="0">
  <testcase classname="com.crm.qa.testcases.HomeTest" name="verifyusernamedisplayed" time="0.110"/>
  <system-out/>
  <testcase classname="com.crm.qa.testcases.HomeTest" name="verifygetPagetitle" time="18.938"/>
  <system-out/>
</testsuite> <!-- com.crm.qa.testcases.HomeTest -->
