<?xml version="1.0" encoding="UTF-8"?>
<!-- Generated by org.testng.reporters.JUnitReportReporter -->
<testsuite hostname="DESKTOP-FFU7TCQ" failures="0" tests="1" name="com.crm.qa.testcases.LoginTest" time="0.134" errors="0" timestamp="2025-03-20T23:17:44 IST" skipped="0">
  <testcase classname="com.crm.qa.testcases.LoginTest" name="test_001" time="0.134"/>
  <system-out/>
</testsuite> <!-- com.crm.qa.testcases.LoginTest -->
